This file contains any messages produced by compilers while
running configure, to aid debugging if configure makes a mistake.

It was created by spek configure 0.8.2, which was
generated by GNU Autoconf 2.69.  Invocation command line was

  $ ./configure 

## --------- ##
## Platform. ##
## --------- ##

hostname = ubuntu
uname -m = i686
uname -r = 4.4.0-104-generic
uname -s = Linux
uname -v = #127-Ubuntu SMP Mon Dec 11 12:16:50 UTC 2017

/usr/bin/uname -p = unknown
/bin/uname -X     = unknown

/bin/arch              = unknown
/usr/bin/arch -k       = unknown
/usr/convex/getsysinfo = unknown
/usr/bin/hostinfo      = unknown
/bin/machine           = unknown
/usr/bin/oslevel       = unknown
/bin/universe          = unknown

PATH: /home/cmput274/cling/bin
PATH: /home/cmput274/bin
PATH: /home/cmput274/arduino-ua/bin
PATH: /home/cmput274/.local/bin
PATH: /usr/local/sbin
PATH: /usr/local/bin
PATH: /usr/sbin
PATH: /usr/bin
PATH: /sbin
PATH: /bin
PATH: /usr/games
PATH: /usr/local/games
PATH: /snap/bin


## ----------- ##
## Core tests. ##
## ----------- ##

configure:2085: checking for a BSD-compatible install
configure:2153: result: /usr/bin/install -c
configure:2164: checking whether build environment is sane
configure:2214: result: yes
configure:2355: checking for a thread-safe mkdir -p
configure:2394: result: /bin/mkdir -p
configure:2407: checking for gawk
configure:2437: result: no
configure:2407: checking for mawk
configure:2423: found /usr/bin/mawk
configure:2434: result: mawk
configure:2445: checking whether make sets $(MAKE)
configure:2467: result: yes
configure:2558: checking whether make supports nested variables
configure:2575: result: yes
configure:2651: checking for g++
configure:2667: found /usr/bin/g++
configure:2678: result: g++
configure:2705: checking for C++ compiler version
configure:2714: g++ --version >&5
g++ (Ubuntu 5.4.0-6ubuntu1~16.04.10) 5.4.0 20160609
Copyright (C) 2015 Free Software Foundation, Inc.
This is free software; see the source for copying conditions.  There is NO
warranty; not even for MERCHANTABILITY or FITNESS FOR A PARTICULAR PURPOSE.

configure:2725: $? = 0
configure:2714: g++ -v >&5
Using built-in specs.
COLLECT_GCC=g++
COLLECT_LTO_WRAPPER=/usr/lib/gcc/i686-linux-gnu/5/lto-wrapper
Target: i686-linux-gnu
Configured with: ../src/configure -v --with-pkgversion='Ubuntu 5.4.0-6ubuntu1~16.04.10' --with-bugurl=file:///usr/share/doc/gcc-5/README.Bugs --enable-languages=c,ada,c++,java,go,d,fortran,objc,obj-c++ --prefix=/usr --program-suffix=-5 --enable-shared --enable-linker-build-id --libexecdir=/usr/lib --without-included-gettext --enable-threads=posix --libdir=/usr/lib --enable-nls --with-sysroot=/ --enable-clocale=gnu --enable-libstdcxx-debug --enable-libstdcxx-time=yes --with-default-libstdcxx-abi=new --enable-gnu-unique-object --disable-vtable-verify --enable-libmpx --enable-plugin --with-system-zlib --disable-browser-plugin --enable-java-awt=gtk --enable-gtk-cairo --with-java-home=/usr/lib/jvm/java-1.5.0-gcj-5-i386/jre --enable-java-home --with-jvm-root-dir=/usr/lib/jvm/java-1.5.0-gcj-5-i386 --with-jvm-jar-dir=/usr/lib/jvm-exports/java-1.5.0-gcj-5-i386 --with-arch-directory=i386 --with-ecj-jar=/usr/share/java/eclipse-ecj.jar --enable-objc-gc --enable-targets=all --enable-multiarch --disable-werror --with-arch-32=i686 --with-multilib-list=m32,m64,mx32 --enable-multilib --with-tune=generic --enable-checking=release --build=i686-linux-gnu --host=i686-linux-gnu --target=i686-linux-gnu
Thread model: posix
gcc version 5.4.0 20160609 (Ubuntu 5.4.0-6ubuntu1~16.04.10) 
configure:2725: $? = 0
configure:2714: g++ -V >&5
g++: error: unrecognized command line option '-V'
g++: fatal error: no input files
compilation terminated.
configure:2725: $? = 1
configure:2714: g++ -qversion >&5
g++: error: unrecognized command line option '-qversion'
g++: fatal error: no input files
compilation terminated.
configure:2725: $? = 1
configure:2745: checking whether the C++ compiler works
configure:2767: g++    conftest.cpp  >&5
configure:2771: $? = 0
configure:2819: result: yes
configure:2822: checking for C++ compiler default output file name
configure:2824: result: a.out
configure:2830: checking for suffix of executables
configure:2837: g++ -o conftest    conftest.cpp  >&5
configure:2841: $? = 0
configure:2863: result: 
configure:2885: checking whether we are cross compiling
configure:2893: g++ -o conftest    conftest.cpp  >&5
configure:2897: $? = 0
configure:2904: ./conftest
configure:2908: $? = 0
configure:2923: result: no
configure:2928: checking for suffix of object files
configure:2950: g++ -c   conftest.cpp >&5
configure:2954: $? = 0
configure:2975: result: o
configure:2979: checking whether we are using the GNU C++ compiler
configure:2998: g++ -c   conftest.cpp >&5
configure:2998: $? = 0
configure:3007: result: yes
configure:3016: checking whether g++ accepts -g
configure:3036: g++ -c -g  conftest.cpp >&5
configure:3036: $? = 0
configure:3077: result: yes
configure:3111: checking for style of include used by make
configure:3139: result: GNU
configure:3165: checking dependency style of g++
configure:3276: result: gcc3
configure:3297: checking how to run the C++ preprocessor
configure:3324: g++ -E  conftest.cpp
configure:3324: $? = 0
configure:3338: g++ -E  conftest.cpp
conftest.cpp:11:28: fatal error: ac_nonexistent.h: No such file or directory
compilation terminated.
configure:3338: $? = 1
configure: failed program was:
| /* confdefs.h */
| #define PACKAGE_NAME "spek"
| #define PACKAGE_TARNAME "spek"
| #define PACKAGE_VERSION "0.8.2"
| #define PACKAGE_STRING "spek 0.8.2"
| #define PACKAGE_BUGREPORT ""
| #define PACKAGE_URL ""
| #define PACKAGE "spek"
| #define VERSION "0.8.2"
| /* end confdefs.h.  */
| #include <ac_nonexistent.h>
configure:3363: result: g++ -E
configure:3383: g++ -E  conftest.cpp
configure:3383: $? = 0
configure:3397: g++ -E  conftest.cpp
conftest.cpp:11:28: fatal error: ac_nonexistent.h: No such file or directory
compilation terminated.
configure:3397: $? = 1
configure: failed program was:
| /* confdefs.h */
| #define PACKAGE_NAME "spek"
| #define PACKAGE_TARNAME "spek"
| #define PACKAGE_VERSION "0.8.2"
| #define PACKAGE_STRING "spek 0.8.2"
| #define PACKAGE_BUGREPORT ""
| #define PACKAGE_URL ""
| #define PACKAGE "spek"
| #define VERSION "0.8.2"
| /* end confdefs.h.  */
| #include <ac_nonexistent.h>
configure:3468: checking for ranlib
configure:3484: found /usr/bin/ranlib
configure:3495: result: ranlib
configure:3519: checking whether NLS is requested
configure:3528: result: yes
configure:3547: checking for intltool >= 0.40.0
configure:3549: result:  found
configure:3552: error: Your intltool is too old.  You need intltool 0.40.0 or later.

## ---------------- ##
## Cache variables. ##
## ---------------- ##

ac_cv_cxx_compiler_gnu=yes
ac_cv_env_CCC_set=
ac_cv_env_CCC_value=
ac_cv_env_CPPFLAGS_set=
ac_cv_env_CPPFLAGS_value=
ac_cv_env_CXXCPP_set=
ac_cv_env_CXXCPP_value=
ac_cv_env_CXXFLAGS_set=
ac_cv_env_CXXFLAGS_value=
ac_cv_env_CXX_set=
ac_cv_env_CXX_value=
ac_cv_env_FFMPEG_CFLAGS_set=
ac_cv_env_FFMPEG_CFLAGS_value=
ac_cv_env_FFMPEG_LIBS_set=
ac_cv_env_FFMPEG_LIBS_value=
ac_cv_env_LDFLAGS_set=
ac_cv_env_LDFLAGS_value=
ac_cv_env_LIBS_set=
ac_cv_env_LIBS_value=
ac_cv_env_PKG_CONFIG_LIBDIR_set=
ac_cv_env_PKG_CONFIG_LIBDIR_value=
ac_cv_env_PKG_CONFIG_PATH_set=
ac_cv_env_PKG_CONFIG_PATH_value=
ac_cv_env_PKG_CONFIG_set=
ac_cv_env_PKG_CONFIG_value=
ac_cv_env_build_alias_set=
ac_cv_env_build_alias_value=
ac_cv_env_host_alias_set=
ac_cv_env_host_alias_value=
ac_cv_env_target_alias_set=
ac_cv_env_target_alias_value=
ac_cv_objext=o
ac_cv_path_install='/usr/bin/install -c'
ac_cv_path_mkdir=/bin/mkdir
ac_cv_prog_AWK=mawk
ac_cv_prog_CXXCPP='g++ -E'
ac_cv_prog_ac_ct_CXX=g++
ac_cv_prog_ac_ct_RANLIB=ranlib
ac_cv_prog_cxx_g=yes
ac_cv_prog_make_make_set=yes
am_cv_CXX_dependencies_compiler_type=gcc3
am_cv_make_support_nested_variables=yes

## ----------------- ##
## Output variables. ##
## ----------------- ##

ACLOCAL='${SHELL} /media/sf_CMPUT_275/Assignments/CMPUT275_Final_Project/spek-0.8.2/missing --run aclocal-1.11'
ALL_LINGUAS=''
AMDEPBACKSLASH='\'
AMDEP_FALSE='#'
AMDEP_TRUE=''
AMTAR='$${TAR-tar}'
AM_BACKSLASH='\'
AM_DEFAULT_V='$(AM_DEFAULT_VERBOSITY)'
AM_DEFAULT_VERBOSITY='0'
AM_V='$(V)'
AUTOCONF='${SHELL} /media/sf_CMPUT_275/Assignments/CMPUT275_Final_Project/spek-0.8.2/missing --run autoconf'
AUTOHEADER='${SHELL} /media/sf_CMPUT_275/Assignments/CMPUT275_Final_Project/spek-0.8.2/missing --run autoheader'
AUTOMAKE='${SHELL} /media/sf_CMPUT_275/Assignments/CMPUT275_Final_Project/spek-0.8.2/missing --run automake-1.11'
AWK='mawk'
CPPFLAGS=''
CXX='g++'
CXXCPP='g++ -E'
CXXDEPMODE='depmode=gcc3'
CXXFLAGS='-g -O2 -std=gnu++11 -Wall -Wextra'
CYGPATH_W='echo'
DATADIRNAME=''
DEFS=''
DEPDIR='.deps'
ECHO_C=''
ECHO_N='-n'
ECHO_T=''
EXEEXT=''
FFMPEG_CFLAGS=''
FFMPEG_LIBS=''
GETTEXT_MACRO_VERSION=''
GETTEXT_PACKAGE=''
GMSGFMT=''
GMSGFMT_015=''
HAVE_VALGRIND=''
INSTALL_DATA='${INSTALL} -m 644'
INSTALL_PROGRAM='${INSTALL}'
INSTALL_SCRIPT='${INSTALL}'
INSTALL_STRIP_PROGRAM='$(install_sh) -c -s'
INTLTOOL_CAVES_RULE=''
INTLTOOL_DESKTOP_RULE=''
INTLTOOL_DIRECTORY_RULE=''
INTLTOOL_EXTRACT=''
INTLTOOL_KBD_RULE=''
INTLTOOL_KEYS_RULE=''
INTLTOOL_MERGE=''
INTLTOOL_OAF_RULE=''
INTLTOOL_PERL=''
INTLTOOL_POLICY_RULE=''
INTLTOOL_PONG_RULE=''
INTLTOOL_PROP_RULE=''
INTLTOOL_SCHEMAS_RULE=''
INTLTOOL_SERVER_RULE=''
INTLTOOL_SERVICE_RULE=''
INTLTOOL_SHEET_RULE=''
INTLTOOL_SOUNDLIST_RULE=''
INTLTOOL_THEME_RULE=''
INTLTOOL_UI_RULE=''
INTLTOOL_UPDATE=''
INTLTOOL_V_MERGE=''
INTLTOOL_V_MERGE_OPTIONS=''
INTLTOOL_XAM_RULE=''
INTLTOOL_XML_NOMERGE_RULE=''
INTLTOOL_XML_RULE=''
INTLTOOL__v_MERGE_0=''
INTLTOOL__v_MERGE_=''
LDFLAGS=''
LIBOBJS=''
LIBS=''
LTLIBOBJS=''
MAKEINFO='${SHELL} /media/sf_CMPUT_275/Assignments/CMPUT275_Final_Project/spek-0.8.2/missing --run makeinfo'
MKDIR_P='/bin/mkdir -p'
MSGFMT=''
MSGFMT_015=''
MSGMERGE=''
OBJEXT='o'
PACKAGE='spek'
PACKAGE_BUGREPORT=''
PACKAGE_NAME='spek'
PACKAGE_STRING='spek 0.8.2'
PACKAGE_TARNAME='spek'
PACKAGE_URL=''
PACKAGE_VERSION='0.8.2'
PATH_SEPARATOR=':'
PKG_CONFIG=''
PKG_CONFIG_LIBDIR=''
PKG_CONFIG_PATH=''
RANLIB='ranlib'
SET_MAKE=''
SHELL='/bin/bash'
STRIP=''
USE_NLS='yes'
USE_VALGRIND_FALSE=''
USE_VALGRIND_TRUE=''
VERSION='0.8.2'
WX_CFLAGS=''
WX_CFLAGS_ONLY=''
WX_CONFIG_PATH=''
WX_CPPFLAGS=''
WX_CXXFLAGS=''
WX_CXXFLAGS_ONLY=''
WX_LIBS=''
WX_LIBS_STATIC=''
WX_RESCOMP=''
WX_VERSION=''
XGETTEXT=''
XGETTEXT_015=''
XGETTEXT_EXTRA_OPTIONS=''
ac_ct_CXX='g++'
am__EXEEXT_FALSE=''
am__EXEEXT_TRUE=''
am__fastdepCXX_FALSE='#'
am__fastdepCXX_TRUE=''
am__include='include'
am__isrc=''
am__leading_dot='.'
am__nodep='_no'
am__quote=''
am__tar='$${TAR-tar} chof - "$$tardir"'
am__untar='$${TAR-tar} xf -'
bindir='${exec_prefix}/bin'
build=''
build_alias=''
build_cpu=''
build_os=''
build_vendor=''
datadir='${datarootdir}'
datarootdir='${prefix}/share'
docdir='${datarootdir}/doc/${PACKAGE_TARNAME}'
dvidir='${docdir}'
exec_prefix='NONE'
host=''
host_alias=''
host_cpu=''
host_os=''
host_vendor=''
htmldir='${docdir}'
includedir='${prefix}/include'
infodir='${datarootdir}/info'
install_sh='${SHELL} /media/sf_CMPUT_275/Assignments/CMPUT275_Final_Project/spek-0.8.2/install-sh'
intltool__v_merge_options_0=''
intltool__v_merge_options_=''
libdir='${exec_prefix}/lib'
libexecdir='${exec_prefix}/libexec'
localedir='${datarootdir}/locale'
localstatedir='${prefix}/var'
mandir='${datarootdir}/man'
mkdir_p='/bin/mkdir -p'
oldincludedir='/usr/include'
pdfdir='${docdir}'
prefix='NONE'
program_transform_name='s,x,x,'
psdir='${docdir}'
sbindir='${exec_prefix}/sbin'
sharedstatedir='${prefix}/com'
sysconfdir='${prefix}/etc'
target_alias=''

## ----------- ##
## confdefs.h. ##
## ----------- ##

/* confdefs.h */
#define PACKAGE_NAME "spek"
#define PACKAGE_TARNAME "spek"
#define PACKAGE_VERSION "0.8.2"
#define PACKAGE_STRING "spek 0.8.2"
#define PACKAGE_BUGREPORT ""
#define PACKAGE_URL ""
#define PACKAGE "spek"
#define VERSION "0.8.2"

configure: exit 1
